./aicwl-editor.gpr
./aicwl.gpr
./aicwl.htm
./cairo-elementary_functions.ads
./cairo-ellipses.adb
./cairo-ellipses.ads
./cairo-font_slant_property.ads
./cairo-font_weight_property.ads
./cairo-line_cap_property.ads
./cairo-transformations.adb
./cairo-transformations.ads
./centos-logo.jpg
./debian-logo.jpg
./digital_layer.png
./disk_needle.png
./download.jpg
./ellipse_parameters.png
./elliptic_backgrounds.png
./elliptic_bar.png
./elliptic_scale.png
./examples/on_line_plotter/on_line_plotter.adb
./examples/on_line_plotter/on_line_plotter.gpr
./examples/on_line_plotter/worker.adb
./examples/on_line_plotter/worker.ads
./examples/plotter/oscilloscope_plotter.adb
./examples/plotter/oscilloscope_plotter.gpr
./fedora-logo.jpg
./gauge_anatomy.png
./gauge_bar.png
./gauge_border.png
./gauge_cap.png
./gauge_clock_hand.png
./gauge_flat_needle.png
./gauge_needle.png
./gauge_sector_needle.png
./gtk-enums-shadow_property.ads
./gtk-gauge-elliptic_180.adb
./gtk-gauge-elliptic_180.ads
./gtk-gauge-flat_horizontal.adb
./gtk-gauge-flat_horizontal.ads
./gtk-gauge-flat_vertical.adb
./gtk-gauge-flat_vertical.ads
./gtk-gauge-led_rectangular.adb
./gtk-gauge-led_rectangular.ads
./gtk-gauge-led_round.adb
./gtk-gauge-led_round.ads
./gtk-gauge-rectangular_70s.adb
./gtk-gauge-rectangular_70s.ads
./gtk-gauge-rectangular_70s_slanted.adb
./gtk-gauge-rectangular_70s_slanted.ads
./gtk-gauge-round_110.adb
./gtk-gauge-round_110.ads
./gtk-gauge-round_180.adb
./gtk-gauge-round_180.ads
./gtk-gauge-round_254.adb
./gtk-gauge-round_254.ads
./gtk-gauge-round_270.adb
./gtk-gauge-round_270.ads
./gtk-gauge-round_270_60s.adb
./gtk-gauge-round_270_60s.ads
./gtk-gauge-round_270_inout.adb
./gtk-gauge-round_270_inout.ads
./gtk-gauge-round_270_outer.adb
./gtk-gauge-round_270_outer.ads
./gtk-gauge-round_270_reversed.adb
./gtk-gauge-round_270_reversed.ads
./gtk-gauge-round_90.adb
./gtk-gauge-round_90.ads
./gtk-gauge.ads
./gtk-layered-abstract_bordered.adb
./gtk-layered-abstract_bordered.ads
./gtk-layered-alignment_property.ads
./gtk-layered-arc.adb
./gtk-layered-arc.ads
./gtk-layered-bar.adb
./gtk-layered-bar.ads
./gtk-layered-cache.adb
./gtk-layered-cache.ads
./gtk-layered-cap.adb
./gtk-layered-cap.ads
./gtk-layered-clock_hand.adb
./gtk-layered-clock_hand.ads
./gtk-layered-digital.ads
./gtk-layered-disk_needle.adb
./gtk-layered-disk_needle.ads
./gtk-layered-elliptic_annotation.adb
./gtk-layered-elliptic_annotation.ads
./gtk-layered-elliptic_background.adb
./gtk-layered-elliptic_background.ads
./gtk-layered-elliptic_bar.adb
./gtk-layered-elliptic_bar.ads
./gtk-layered-elliptic_scale.adb
./gtk-layered-elliptic_scale.ads
./gtk-layered-elliptic_shape_property.ads
./gtk-layered-flat_annotation.adb
./gtk-layered-flat_annotation.ads
./gtk-layered-flat_needle.adb
./gtk-layered-flat_needle.ads
./gtk-layered-flat_scale.adb
./gtk-layered-flat_scale.ads
./gtk-layered-graph_paper.adb
./gtk-layered-graph_paper.ads
./gtk-layered-graph_paper_annotation.adb
./gtk-layered-graph_paper_annotation.ads
./gtk-layered-interpolation_mode_property.ads
./gtk-layered-label-digital.adb
./gtk-layered-label-digital.ads
./gtk-layered-label.adb
./gtk-layered-label.ads
./gtk-layered-line.adb
./gtk-layered-line.ads
./gtk-layered-needle.adb
./gtk-layered-needle.ads
./gtk-layered-rectangle.adb
./gtk-layered-rectangle.ads
./gtk-layered-rectangular_background.adb
./gtk-layered-rectangular_background.ads
./gtk-layered-rectangular_clip_region.adb
./gtk-layered-rectangular_clip_region.ads
./gtk-layered-refresh_engine.adb
./gtk-layered-refresh_engine.ads
./gtk-layered-sector_needle.adb
./gtk-layered-sector_needle.ads
./gtk-layered-stream_io.adb
./gtk-layered-stream_io.ads
./gtk-layered-svg.adb
./gtk-layered-svg.ads
./gtk-layered-text_transformation_property.ads
./gtk-layered-vertical_alignment_property.ads
./gtk-layered-waveform-amplifier.adb
./gtk-layered-waveform-amplifier.ads
./gtk-layered-waveform-draw_lines.adb
./gtk-layered-waveform-ring_data_buffer.adb
./gtk-layered-waveform-ring_data_buffer.ads
./gtk-layered-waveform-sample_lines.adb
./gtk-layered-waveform-sweeper.adb
./gtk-layered-waveform-sweeper.ads
./gtk-layered-waveform.adb
./gtk-layered-waveform.ads
./gtk-layered-waveform_drawing_method_property.ads
./gtk-layered.adb
./gtk-layered.ads
./gtk-layered_editor.adb
./gtk-layered_editor.ads
./gtk-meter-angular_90.adb
./gtk-meter-angular_90.ads
./gtk-meter-elliptic_90.adb
./gtk-meter-elliptic_90.ads
./gtk-meter-round_90.adb
./gtk-meter-round_90.ads
./gtk-meter-round_94.adb
./gtk-meter-round_94.ads
./gtk-meter-thermo.adb
./gtk-meter-thermo.ads
./gtk-meter-thermo_dual.adb
./gtk-meter-thermo_dual.ads
./gtk-meter-thermo_symmetric.adb
./gtk-meter-thermo_symmetric.ads
./gtk-meter.ads
./gtk-oscilloscope-amplifier_panel.adb
./gtk-oscilloscope-amplifier_panel.ads
./gtk-oscilloscope-channels_panel.adb
./gtk-oscilloscope-channels_panel.ads
./gtk-oscilloscope-do_init.adb
./gtk-oscilloscope-get_type.adb
./gtk-oscilloscope-on_button_press.adb
./gtk-oscilloscope-on_button_release.adb
./gtk-oscilloscope-on_motion.adb
./gtk-oscilloscope-sweeper_panel.adb
./gtk-oscilloscope-sweeper_panel.ads
./gtk-oscilloscope.adb
./gtk-oscilloscope.ads
./gtk-valve-round_90.adb
./gtk-valve-round_90.ads
./gtk-valve.ads
./gtk-wall_clock-classic.adb
./gtk-wall_clock-classic.ads
./gtk-wall_clock-imperial.adb
./gtk-wall_clock-imperial.ads
./gtk-wall_clock-modern.adb
./gtk-wall_clock-modern.ads
./gtk-wall_clock.ads
./gtk-widget-styles-alignment_property.ads
./gtk-widget-styles-elliptic_shape_property.ads
./gtk-widget-styles-font_slant_property.ads
./gtk-widget-styles-font_type_property.ads
./gtk-widget-styles-font_weight_property.ads
./gtk-widget-styles-interpolation_mode_property.ads
./gtk-widget-styles-line_cap_property.ads
./gtk-widget-styles-pango_weight_property.ads
./gtk-widget-styles-shadow_property.ads
./gtk-widget-styles-text_transformation_property.ads
./gtk-widget-styles-vertical_alignment_property.ads
./gtk_clock_classic.png
./gtk_clock_imperial.png
./gtk_clock_modern.png
./gtk_gauge_elliptic_180.png
./gtk_gauge_flat_horizontal.png
./gtk_gauge_flat_vertical.png
./gtk_gauge_led_rectangular.png
./gtk_gauge_led_round.png
./gtk_gauge_rectangular_70s.png
./gtk_gauge_rectangular_70s_slanted.png
./gtk_gauge_round_110.png
./gtk_gauge_round_180.png
./gtk_gauge_round_254.png
./gtk_gauge_round_270.png
./gtk_gauge_round_270_60s.png
./gtk_gauge_round_270_inout.png
./gtk_gauge_round_270_out.png
./gtk_gauge_round_270_reversed.png
./gtk_gauge_round_90.png
./gtk_layered_editor.png
./gtk_meter_angular_90.png
./gtk_meter_elliptic_90.png
./gtk_meter_round_90.png
./gtk_meter_round_94.png
./gtk_meter_thermo.png
./gtk_meter_thermo_dual.png
./gtk_meter_thermo_symmetric.png
./gtk_valve_round_90.png
./home.jpg
./in.jpg
./index.gif
./next.gif
./on-line-plotting.png
./oscilloscope-amplifier_panel.png
./oscilloscope-channels_panel-menu.png
./oscilloscope-channels_panel.png
./oscilloscope-selection.png
./oscilloscope-stack.png
./oscilloscope-sweeper_panel.png
./oscilloscope.png
./pango-cairo-fonts-font_type_property.ads
./pango-cairo-fonts.adb
./pango-cairo-fonts.ads
./pango-enums-weight_property.ads
./plotter.png
./prev.gif
./readme_aicwl.txt
./test_aicwl/aicwl-tests.gpr
./test_aicwl/readme_aicwl.txt
./test_aicwl/test_aicwl-test_io.adb
./test_aicwl/test_aicwl-test_ring_buffer.adb
./test_aicwl/test_aicwl.adb
./test_aicwl/test_clock.adb
./test_aicwl/test_clock.ads
./test_aicwl/test_generator.adb
./test_aicwl/test_generator.ads
./test_aicwl/test_oscilloscope.adb
./test_aicwl/test_oscilloscope.gpr
./test_aicwl/test_oscilloscope_stack.adb
./test_aicwl/test_oscilloscope_stack.gpr
./text_transformation_mode.png
./ubuntu-logo.jpg
./waveform-annotation-text.png
./waveform-downscaling.png
./waveform-graph-paper.png
./waveform-time-annotation.png
./waveform-upscaling.png
./waveform_objects.png
